<?xml version="1.0" encoding="UTF-8"?>
<testsuite name="DollarCalculatorTest" tests="3" skipped="0" failures="0" errors="0" timestamp="2021-11-30T08:00:56" hostname="gimjihun-ui-MacBookAir.local" time="0.246">
  <properties/>
  <testcase name="dollarTest()" classname="DollarCalculatorTest" time="0.24"/>
  <testcase name="testHello()" classname="DollarCalculatorTest" time="0.002"/>
  <testcase name="mockTest()" classname="DollarCalculatorTest" time="0.003"/>
  <system-out><![CDATA[22000
hello
60000
]]></system-out>
  <system-err><![CDATA[]]></system-err>
</testsuite>
